{"level":"info","message":"✓ Gallabox initialized successfully","service":"mibo-backend","timestamp":"2026-05-01 15:17:30"}
{"level":"info","message":"✓ Google Meet initialized successfully","service":"mibo-backend","timestamp":"2026-05-01 15:17:33"}
{"level":"info","message":"✓ Razorpay initialized successfully","service":"mibo-backend","timestamp":"2026-05-01 15:17:34"}
{"level":"warn","message":"⚠ Email service not configured. Add EMAIL_HOST, EMAIL_PORT, EMAIL_USER, and EMAIL_PASSWORD to enable email notifications.","service":"mibo-backend","timestamp":"2026-05-01 15:17:34"}
{"level":"info","message":"🚀 Server running on port 5000","service":"mibo-backend","timestamp":"2026-05-01 15:17:35"}
{"level":"info","message":"📝 Environment: production","service":"mibo-backend","timestamp":"2026-05-01 15:17:35"}
{"level":"info","message":"🌐 CORS Origin: https://mibo.care,https://www.mibo.care","service":"mibo-backend","timestamp":"2026-05-01 15:17:35"}
{"level":"info","message":"✓ Gallabox initialized successfully","service":"mibo-backend","timestamp":"2026-05-02 14:10:40"}
{"level":"info","message":"✓ Google Meet initialized successfully","service":"mibo-backend","timestamp":"2026-05-02 14:10:44"}
{"level":"info","message":"✓ Razorpay initialized successfully","service":"mibo-backend","timestamp":"2026-05-02 14:10:44"}
{"level":"warn","message":"⚠ Email service not configured. Add EMAIL_HOST, EMAIL_PORT, EMAIL_USER, and EMAIL_PASSWORD to enable email notifications.","service":"mibo-backend","timestamp":"2026-05-02 14:10:45"}
{"level":"info","message":"🚀 Server running on port 5000","service":"mibo-backend","timestamp":"2026-05-02 14:10:45"}
{"level":"info","message":"📝 Environment: production","service":"mibo-backend","timestamp":"2026-05-02 14:10:45"}
{"level":"info","message":"🌐 CORS Origin: https://mibo.care,https://www.mibo.care","service":"mibo-backend","timestamp":"2026-05-02 14:10:45"}
{"level":"info","message":"✓ Gallabox initialized successfully","service":"mibo-backend","timestamp":"2026-05-02 14:27:38"}
{"level":"info","message":"✓ Google Meet initialized successfully","service":"mibo-backend","timestamp":"2026-05-02 14:27:40"}
{"level":"info","message":"✓ Razorpay initialized successfully","service":"mibo-backend","timestamp":"2026-05-02 14:27:40"}
{"level":"warn","message":"⚠ Email service not configured. Add EMAIL_HOST, EMAIL_PORT, EMAIL_USER, and EMAIL_PASSWORD to enable email notifications.","service":"mibo-backend","timestamp":"2026-05-02 14:27:40"}
{"level":"info","message":"🚀 Server running on port 5000","service":"mibo-backend","timestamp":"2026-05-02 14:27:40"}
{"level":"info","message":"📝 Environment: production","service":"mibo-backend","timestamp":"2026-05-02 14:27:40"}
{"level":"info","message":"🌐 CORS Origin: https://mibo.care,https://www.mibo.care","service":"mibo-backend","timestamp":"2026-05-02 14:27:40"}
{"level":"info","message":"✓ Gallabox initialized successfully","service":"mibo-backend","timestamp":"2026-05-02 14:28:07"}
{"level":"info","message":"✓ Google Meet initialized successfully","service":"mibo-backend","timestamp":"2026-05-02 14:28:09"}
{"level":"info","message":"✓ Razorpay initialized successfully","service":"mibo-backend","timestamp":"2026-05-02 14:28:09"}
{"level":"warn","message":"⚠ Email service not configured. Add EMAIL_HOST, EMAIL_PORT, EMAIL_USER, and EMAIL_PASSWORD to enable email notifications.","service":"mibo-backend","timestamp":"2026-05-02 14:28:09"}
{"level":"info","message":"🚀 Server running on port 5000","service":"mibo-backend","timestamp":"2026-05-02 14:28:09"}
{"level":"info","message":"📝 Environment: production","service":"mibo-backend","timestamp":"2026-05-02 14:28:09"}
{"level":"info","message":"🌐 CORS Origin: https://mibo.care,https://www.mibo.care","service":"mibo-backend","timestamp":"2026-05-02 14:28:09"}
{"level":"info","message":"✓ Gallabox initialized successfully","service":"mibo-backend","timestamp":"2026-05-02 14:28:26"}
{"level":"info","message":"✓ Google Meet initialized successfully","service":"mibo-backend","timestamp":"2026-05-02 14:28:29"}
{"level":"info","message":"✓ Razorpay initialized successfully","service":"mibo-backend","timestamp":"2026-05-02 14:28:29"}
{"level":"warn","message":"⚠ Email service not configured. Add EMAIL_HOST, EMAIL_PORT, EMAIL_USER, and EMAIL_PASSWORD to enable email notifications.","service":"mibo-backend","timestamp":"2026-05-02 14:28:29"}
{"level":"info","message":"🚀 Server running on port 5000","service":"mibo-backend","timestamp":"2026-05-02 14:28:30"}
{"level":"info","message":"📝 Environment: production","service":"mibo-backend","timestamp":"2026-05-02 14:28:30"}
{"level":"info","message":"🌐 CORS Origin: https://mibo.care,https://www.mibo.care","service":"mibo-backend","timestamp":"2026-05-02 14:28:30"}
{"level":"info","message":"✓ Gallabox initialized successfully","service":"mibo-backend","timestamp":"2026-05-02 14:28:42"}
{"level":"info","message":"✓ Google Meet initialized successfully","service":"mibo-backend","timestamp":"2026-05-02 14:28:45"}
{"level":"info","message":"✓ Razorpay initialized successfully","service":"mibo-backend","timestamp":"2026-05-02 14:28:46"}
{"level":"warn","message":"⚠ Email service not configured. Add EMAIL_HOST, EMAIL_PORT, EMAIL_USER, and EMAIL_PASSWORD to enable email notifications.","service":"mibo-backend","timestamp":"2026-05-02 14:28:46"}
{"level":"info","message":"🚀 Server running on port 5000","service":"mibo-backend","timestamp":"2026-05-02 14:28:46"}
{"level":"info","message":"📝 Environment: production","service":"mibo-backend","timestamp":"2026-05-02 14:28:46"}
{"level":"info","message":"🌐 CORS Origin: https://mibo.care,https://www.mibo.care","service":"mibo-backend","timestamp":"2026-05-02 14:28:46"}
{"level":"info","message":"✓ Gallabox initialized successfully","service":"mibo-backend","timestamp":"2026-05-02 14:29:11"}
{"level":"info","message":"✓ Google Meet initialized successfully","service":"mibo-backend","timestamp":"2026-05-02 14:29:14"}
{"level":"info","message":"✓ Razorpay initialized successfully","service":"mibo-backend","timestamp":"2026-05-02 14:29:14"}
{"level":"warn","message":"⚠ Email service not configured. Add EMAIL_HOST, EMAIL_PORT, EMAIL_USER, and EMAIL_PASSWORD to enable email notifications.","service":"mibo-backend","timestamp":"2026-05-02 14:29:14"}
{"level":"info","message":"🚀 Server running on port 5000","service":"mibo-backend","timestamp":"2026-05-02 14:29:14"}
{"level":"info","message":"📝 Environment: production","service":"mibo-backend","timestamp":"2026-05-02 14:29:14"}
{"level":"info","message":"🌐 CORS Origin: https://mibo.care,https://www.mibo.care","service":"mibo-backend","timestamp":"2026-05-02 14:29:14"}
